#
# A fatal error has been detected by the Java Runtime Environment:
#
#  Internal Error (classFileParser.cpp:3375), pid=9829, tid=140321435830016
#  Error: ShouldNotReachHere()
#
# JRE version: 6.0_20-b20
# Java VM: OpenJDK 64-Bit Server VM (19.0-b09 mixed mode linux-amd64 compressed oops)
# Derivative: IcedTea6 1.9.4
# Distribution: Ubuntu 10.10, package 6b20-1.9.4-0ubuntu1
# If you would like to submit a bug report, please include
# instructions how to reproduce the bug and visit:
#   https://bugs.launchpad.net/ubuntu/+source/openjdk-6/
#

---------------  T H R E A D  ---------------

Current thread (0x00000000022f5000):  JavaThread "Unknown thread" [_thread_in_vm, id=9833, stack(0x00007f9f21464000,0x00007f9f21565000)]

Stack: [0x00007f9f21464000,0x00007f9f21565000],  sp=0x00007f9f21562fa0,  free space=1019k
Native frames: (J=compiled Java code, j=interpreted, Vv=VM code, C=native code)
V  [libjvm.so+0x711b3c]
V  [libjvm.so+0x711d5b]
V  [libjvm.so+0x3286e6]
V  [libjvm.so+0x2b8f34]
V  [libjvm.so+0x2bc00e]
V  [libjvm.so+0x6ab3e4]
V  [libjvm.so+0x6abdcf]
V  [libjvm.so+0x6ac283]
V  [libjvm.so+0x6ac3d5]
V  [libjvm.so+0x6ac449]
V  [libjvm.so+0x6ac552]
V  [libjvm.so+0x6edd7f]
V  [libjvm.so+0x6ee774]
V  [libjvm.so+0x3eb17a]
V  [libjvm.so+0x6da373]
V  [libjvm.so+0x4325f0]
C  [java+0x279e]  JavaMain+0x7e


---------------  P R O C E S S  ---------------

Java Threads: ( => current thread )

Other Threads:

=>0x00000000022f5000 (exited) JavaThread "Unknown thread" [_thread_in_vm, id=9833, stack(0x00007f9f21464000,0x00007f9f21565000)]

VM state:not at safepoint (not fully initialized)

VM Mutex/Monitor currently owned by a thread: None

Dynamic libraries:
00400000-00409000 r-xp 00000000 08:01 17170787                           /usr/lib/jvm/java-6-openjdk/jre/bin/java
00608000-00609000 r--p 00008000 08:01 17170787                           /usr/lib/jvm/java-6-openjdk/jre/bin/java
00609000-0060a000 rw-p 00009000 08:01 17170787                           /usr/lib/jvm/java-6-openjdk/jre/bin/java
022ec000-0234f000 rw-p 00000000 00:00 0                                  [heap]
cc000000-cc780000 rw-p 00000000 00:00 0 
cc780000-d9e00000 rw-p 00000000 00:00 0 
d9e00000-dad00000 rw-p 00000000 00:00 0 
dad00000-f5a00000 rw-p 00000000 00:00 0 
f5a00000-f6ec0000 rw-p 00000000 00:00 0 
f6ec0000-100000000 rw-p 00000000 00:00 0 
7f9f1b410000-7f9f1b459000 r--s 002cf000 08:01 13378132                   /home/marcell/android/android-sdk-linux_86/platforms/android-4/android.jar
7f9f1b459000-7f9f1b48c000 rw-p 00000000 00:00 0 
7f9f1b48c000-7f9f1b4d5000 rw-p 00000000 00:00 0 
7f9f1b4d5000-7f9f1b4dd000 rw-p 00000000 00:00 0 
7f9f1b4dd000-7f9f1b5b4000 rw-p 00000000 00:00 0 
7f9f1b5b4000-7f9f1b5b8000 rw-p 00000000 00:00 0 
7f9f1b5b8000-7f9f1b623000 rw-p 00000000 00:00 0 
7f9f1b623000-7f9f1b62b000 rw-p 00000000 00:00 0 
7f9f1b62b000-7f9f1b701000 rw-p 00000000 00:00 0 
7f9f1b701000-7f9f1b70c000 rw-p 00000000 00:00 0 
7f9f1b70c000-7f9f1b754000 rw-p 00000000 00:00 0 
7f9f1b754000-7f9f1b755000 rw-p 00000000 00:00 0 
7f9f1b755000-7f9f1b9c5000 rwxp 00000000 00:00 0 
7f9f1b9c5000-7f9f1e755000 rw-p 00000000 00:00 0 
7f9f1e755000-7f9f1e75c000 r-xp 00000000 08:01 17172128                   /usr/lib/jvm/java-6-openjdk/jre/lib/amd64/libzip.so
7f9f1e75c000-7f9f1e95b000 ---p 00007000 08:01 17172128                   /usr/lib/jvm/java-6-openjdk/jre/lib/amd64/libzip.so
7f9f1e95b000-7f9f1e95c000 r--p 00006000 08:01 17172128                   /usr/lib/jvm/java-6-openjdk/jre/lib/amd64/libzip.so
7f9f1e95c000-7f9f1e95d000 rw-p 00007000 08:01 17172128                   /usr/lib/jvm/java-6-openjdk/jre/lib/amd64/libzip.so
7f9f1e95d000-7f9f1e969000 r-xp 00000000 08:01 9437812                    /lib/libnss_files-2.12.1.so
7f9f1e969000-7f9f1eb68000 ---p 0000c000 08:01 9437812                    /lib/libnss_files-2.12.1.so
7f9f1eb68000-7f9f1eb69000 r--p 0000b000 08:01 9437812                    /lib/libnss_files-2.12.1.so
7f9f1eb69000-7f9f1eb6a000 rw-p 0000c000 08:01 9437812                    /lib/libnss_files-2.12.1.so
7f9f1eb6a000-7f9f1eb74000 r-xp 00000000 08:01 9437814                    /lib/libnss_nis-2.12.1.so
7f9f1eb74000-7f9f1ed73000 ---p 0000a000 08:01 9437814                    /lib/libnss_nis-2.12.1.so
7f9f1ed73000-7f9f1ed74000 r--p 00009000 08:01 9437814                    /lib/libnss_nis-2.12.1.so
7f9f1ed74000-7f9f1ed75000 rw-p 0000a000 08:01 9437814                    /lib/libnss_nis-2.12.1.so
7f9f1ed75000-7f9f1ed7d000 r-xp 00000000 08:01 9437810                    /lib/libnss_compat-2.12.1.so
7f9f1ed7d000-7f9f1ef7c000 ---p 00008000 08:01 9437810                    /lib/libnss_compat-2.12.1.so
7f9f1ef7c000-7f9f1ef7d000 r--p 00007000 08:01 9437810                    /lib/libnss_compat-2.12.1.so
7f9f1ef7d000-7f9f1ef7e000 rw-p 00008000 08:01 9437810                    /lib/libnss_compat-2.12.1.so
7f9f1ef7e000-7f9f1ef86000 r-xp 00000000 08:01 17172137                   /usr/lib/jvm/java-6-openjdk/jre/lib/amd64/native_threads/libhpi.so
7f9f1ef86000-7f9f1f185000 ---p 00008000 08:01 17172137                   /usr/lib/jvm/java-6-openjdk/jre/lib/amd64/native_threads/libhpi.so
7f9f1f185000-7f9f1f186000 r--p 00007000 08:01 17172137                   /usr/lib/jvm/java-6-openjdk/jre/lib/amd64/native_threads/libhpi.so
7f9f1f186000-7f9f1f187000 rw-p 00008000 08:01 17172137                   /usr/lib/jvm/java-6-openjdk/jre/lib/amd64/native_threads/libhpi.so
7f9f1f187000-7f9f1f19e000 r-xp 00000000 08:01 9437809                    /lib/libnsl-2.12.1.so
7f9f1f19e000-7f9f1f39d000 ---p 00017000 08:01 9437809                    /lib/libnsl-2.12.1.so
7f9f1f39d000-7f9f1f39e000 r--p 00016000 08:01 9437809                    /lib/libnsl-2.12.1.so
7f9f1f39e000-7f9f1f39f000 rw-p 00017000 08:01 9437809                    /lib/libnsl-2.12.1.so
7f9f1f39f000-7f9f1f3a1000 rw-p 00000000 00:00 0 
7f9f1f3a1000-7f9f1f3cc000 r-xp 00000000 08:01 17172127                   /usr/lib/jvm/java-6-openjdk/jre/lib/amd64/libjava.so
7f9f1f3cc000-7f9f1f5cb000 ---p 0002b000 08:01 17172127                   /usr/lib/jvm/java-6-openjdk/jre/lib/amd64/libjava.so
7f9f1f5cb000-7f9f1f5cc000 r--p 0002a000 08:01 17172127                   /usr/lib/jvm/java-6-openjdk/jre/lib/amd64/libjava.so
7f9f1f5cc000-7f9f1f5cf000 rw-p 0002b000 08:01 17172127                   /usr/lib/jvm/java-6-openjdk/jre/lib/amd64/libjava.so
7f9f1f5cf000-7f9f1f5dd000 r-xp 00000000 08:01 17170802                   /usr/lib/jvm/java-6-openjdk/jre/lib/amd64/libverify.so
7f9f1f5dd000-7f9f1f7dc000 ---p 0000e000 08:01 17170802                   /usr/lib/jvm/java-6-openjdk/jre/lib/amd64/libverify.so
7f9f1f7dc000-7f9f1f7de000 r--p 0000d000 08:01 17170802                   /usr/lib/jvm/java-6-openjdk/jre/lib/amd64/libverify.so
7f9f1f7de000-7f9f1f7df000 rw-p 0000f000 08:01 17170802                   /usr/lib/jvm/java-6-openjdk/jre/lib/amd64/libverify.so
7f9f1f7df000-7f9f1f7e6000 r-xp 00000000 08:01 9437819                    /lib/librt-2.12.1.so
7f9f1f7e6000-7f9f1f9e5000 ---p 00007000 08:01 9437819                    /lib/librt-2.12.1.so
7f9f1f9e5000-7f9f1f9e6000 r--p 00006000 08:01 9437819                    /lib/librt-2.12.1.so
7f9f1f9e6000-7f9f1f9e7000 rw-p 00007000 08:01 9437819                    /lib/librt-2.12.1.so
7f9f1f9e7000-7f9f1fa69000 r-xp 00000000 08:01 9437807                    /lib/libm-2.12.1.so
7f9f1fa69000-7f9f1fc68000 ---p 00082000 08:01 9437807                    /lib/libm-2.12.1.so
7f9f1fc68000-7f9f1fc69000 r--p 00081000 08:01 9437807                    /lib/libm-2.12.1.so
7f9f1fc69000-7f9f1fc6a000 rw-p 00082000 08:01 9437807                    /lib/libm-2.12.1.so
7f9f1fc6a000-7f9f204de000 r-xp 00000000 08:01 17172130                   /usr/lib/jvm/java-6-openjdk/jre/lib/amd64/server/libjvm.so
7f9f204de000-7f9f206dd000 ---p 00874000 08:01 17172130                   /usr/lib/jvm/java-6-openjdk/jre/lib/amd64/server/libjvm.so
7f9f206dd000-7f9f20753000 r--p 00873000 08:01 17172130                   /usr/lib/jvm/java-6-openjdk/jre/lib/amd64/server/libjvm.so
7f9f20753000-7f9f2076e000 rw-p 008e9000 08:01 17172130                   /usr/lib/jvm/java-6-openjdk/jre/lib/amd64/server/libjvm.so
7f9f2076e000-7f9f207a7000 rw-p 00000000 00:00 0 
7f9f207a7000-7f9f20921000 r-xp 00000000 08:01 9437803                    /lib/libc-2.12.1.so
7f9f20921000-7f9f20b20000 ---p 0017a000 08:01 9437803                    /lib/libc-2.12.1.so
7f9f20b20000-7f9f20b24000 r--p 00179000 08:01 9437803                    /lib/libc-2.12.1.so
7f9f20b24000-7f9f20b25000 rw-p 0017d000 08:01 9437803                    /lib/libc-2.12.1.so
7f9f20b25000-7f9f20b2a000 rw-p 00000000 00:00 0 
7f9f20b2a000-7f9f20b2c000 r-xp 00000000 08:01 9437806                    /lib/libdl-2.12.1.so
7f9f20b2c000-7f9f20d2c000 ---p 00002000 08:01 9437806                    /lib/libdl-2.12.1.so
7f9f20d2c000-7f9f20d2d000 r--p 00002000 08:01 9437806                    /lib/libdl-2.12.1.so
7f9f20d2d000-7f9f20d2e000 rw-p 00003000 08:01 9437806                    /lib/libdl-2.12.1.so
7f9f20d2e000-7f9f20d32000 r-xp 00000000 08:01 17170800                   /usr/lib/jvm/java-6-openjdk/jre/lib/amd64/jli/libjli.so
7f9f20d32000-7f9f20f31000 ---p 00004000 08:01 17170800                   /usr/lib/jvm/java-6-openjdk/jre/lib/amd64/jli/libjli.so
7f9f20f31000-7f9f20f32000 r--p 00003000 08:01 17170800                   /usr/lib/jvm/java-6-openjdk/jre/lib/amd64/jli/libjli.so
7f9f20f32000-7f9f20f33000 rw-p 00004000 08:01 17170800                   /usr/lib/jvm/java-6-openjdk/jre/lib/amd64/jli/libjli.so
7f9f20f33000-7f9f20f4b000 r-xp 00000000 08:01 9437817                    /lib/libpthread-2.12.1.so
7f9f20f4b000-7f9f2114a000 ---p 00018000 08:01 9437817                    /lib/libpthread-2.12.1.so
7f9f2114a000-7f9f2114b000 r--p 00017000 08:01 9437817                    /lib/libpthread-2.12.1.so
7f9f2114b000-7f9f2114c000 rw-p 00018000 08:01 9437817                    /lib/libpthread-2.12.1.so
7f9f2114c000-7f9f21150000 rw-p 00000000 00:00 0 
7f9f21150000-7f9f21166000 r-xp 00000000 08:01 9437514                    /lib/libz.so.1.2.3.4
7f9f21166000-7f9f21366000 ---p 00016000 08:01 9437514                    /lib/libz.so.1.2.3.4
7f9f21366000-7f9f21367000 r--p 00016000 08:01 9437514                    /lib/libz.so.1.2.3.4
7f9f21367000-7f9f21368000 rw-p 00017000 08:01 9437514                    /lib/libz.so.1.2.3.4
7f9f21368000-7f9f21388000 r-xp 00000000 08:01 9437344                    /lib/ld-2.12.1.so
7f9f213a4000-7f9f213ae000 rw-p 00000000 00:00 0 
7f9f213ae000-7f9f21464000 rw-p 00000000 00:00 0 
7f9f21464000-7f9f21467000 ---p 00000000 00:00 0 
7f9f21467000-7f9f2156a000 rw-p 00000000 00:00 0 
7f9f2157c000-7f9f21584000 rw-s 00000000 08:01 6029379                    /tmp/hsperfdata_marcell/9829
7f9f21584000-7f9f21585000 rw-p 00000000 00:00 0 
7f9f21585000-7f9f21586000 r--p 00000000 00:00 0 
7f9f21586000-7f9f21588000 rw-p 00000000 00:00 0 
7f9f21588000-7f9f21589000 r--p 00020000 08:01 9437344                    /lib/ld-2.12.1.so
7f9f21589000-7f9f2158a000 rw-p 00021000 08:01 9437344                    /lib/ld-2.12.1.so
7f9f2158a000-7f9f2158b000 rw-p 00000000 00:00 0 
7fff7bed4000-7fff7bef5000 rw-p 00000000 00:00 0                          [stack]
7fff7bf1f000-7fff7bf20000 r-xp 00000000 00:00 0                          [vdso]
ffffffffff600000-ffffffffff601000 r-xp 00000000 00:00 0                  [vsyscall]

VM Arguments:
jvm_args: -Dfile.encoding=UTF-8 -Xbootclasspath:/home/marcell/android/android-sdk-linux_86/platforms/android-4/android.jar 
java_command: edu.illinois.coursequest.CourseList
Launcher Type: SUN_STANDARD

Environment Variables:
PATH=/usr/local/sbin:/usr/local/bin:/usr/sbin:/usr/bin:/sbin:/bin:/usr/games
LD_LIBRARY_PATH=/usr/lib/jvm/java-6-openjdk/jre/lib/amd64/server:/usr/lib/jvm/java-6-openjdk/jre/lib/amd64:/usr/lib/jvm/java-6-openjdk/jre/../lib/amd64:/usr/lib/xulrunner-1.9.2.13
SHELL=/bin/bash
DISPLAY=:0.0

Signal Handlers:
SIGSEGV: [libjvm.so+0x712740], sa_mask[0]=0x7ffbfeff, sa_flags=0x10000004
SIGBUS: [libjvm.so+0x712740], sa_mask[0]=0x7ffbfeff, sa_flags=0x10000004
SIGFPE: [libjvm.so+0x5d4060], sa_mask[0]=0x7ffbfeff, sa_flags=0x10000004
SIGPIPE: [libjvm.so+0x5d4060], sa_mask[0]=0x7ffbfeff, sa_flags=0x10000004
SIGXFSZ: [libjvm.so+0x5d4060], sa_mask[0]=0x7ffbfeff, sa_flags=0x10000004
SIGILL: [libjvm.so+0x5d4060], sa_mask[0]=0x7ffbfeff, sa_flags=0x10000004
SIGUSR1: SIG_DFL, sa_mask[0]=0x00000000, sa_flags=0x00000000
SIGUSR2: [libjvm.so+0x5d3770], sa_mask[0]=0x00000004, sa_flags=0x10000004
SIGHUP: SIG_DFL, sa_mask[0]=0x00000000, sa_flags=0x00000000
SIGINT: SIG_DFL, sa_mask[0]=0x00000000, sa_flags=0x00000000
SIGTERM: SIG_DFL, sa_mask[0]=0x00000000, sa_flags=0x00000000
SIGQUIT: SIG_DFL, sa_mask[0]=0x00000000, sa_flags=0x00000000


---------------  S Y S T E M  ---------------

OS:Ubuntu 10.10 (maverick)
uname:Linux 2.6.35-24-generic #42-Ubuntu SMP Thu Dec 2 02:41:37 UTC 2010 x86_64
libc:glibc 2.12.1 NPTL 2.12.1 
rlimit: STACK 10240k, CORE 0k, NPROC 11396, NOFILE 1024, AS infinity
load average:0.97 1.12 1.08

/proc/meminfo:
MemTotal:        1472424 kB
MemFree:           21200 kB
Buffers:           12860 kB
Cached:           323008 kB
SwapCached:          584 kB
Active:           905240 kB
Inactive:         415900 kB
Active(anon):     743680 kB
Inactive(anon):   251548 kB
Active(file):     161560 kB
Inactive(file):   164352 kB
Unevictable:           0 kB
Mlocked:               0 kB
SwapTotal:       4315132 kB
SwapFree:        4292136 kB
Dirty:               280 kB
Writeback:             0 kB
AnonPages:        984740 kB
Mapped:           102724 kB
Shmem:              9956 kB
Slab:              40672 kB
SReclaimable:      21916 kB
SUnreclaim:        18756 kB
KernelStack:        2536 kB
PageTables:        20544 kB
NFS_Unstable:          0 kB
Bounce:                0 kB
WritebackTmp:          0 kB
CommitLimit:     5051344 kB
Committed_AS:    3013872 kB
VmallocTotal:   34359738367 kB
VmallocUsed:      110632 kB
VmallocChunk:   34359622908 kB
HardwareCorrupted:     0 kB
HugePages_Total:       0
HugePages_Free:        0
HugePages_Rsvd:        0
HugePages_Surp:        0
Hugepagesize:       2048 kB
DirectMap4k:        7104 kB
DirectMap2M:     1499136 kB


CPU:total 1 (1 cores per cpu, 1 threads per core) family 15 model 47 stepping 2, cmov, cx8, fxsr, mmx, sse, sse2, sse3, mmxext, 3dnow, 3dnowext

Memory: 4k page, physical 1472424k(21200k free), swap 4315132k(4292136k free)

vm_info: OpenJDK 64-Bit Server VM (19.0-b09) for linux-amd64 JRE (1.6.0_20-b20), built on Jan  7 2011 07:20:53 by "buildd" with gcc 4.4.5

time: Wed Feb  2 02:50:48 2011
elapsed time: 0 seconds

